INFO: 2021-07-18 09:04:24,853: main() 'Using profile folder /home/kim/.config/variety/'
INFO: 2021-07-18 09:04:24,856: perform_upgrade() 'Last run version was 0.8.5 or earlier, current version is 0.8.5'
INFO: 2021-07-18 09:04:24,977: process_command() 'Received command: []'
INFO: 2021-07-18 09:04:24,978: load_banned() 'Missing or invalid banned URLs list, no URLs will be banned'
INFO: 2021-07-18 09:04:24,993: start() 'Using data_path /usr/share/variety'
INFO: 2021-07-18 09:04:24,993: load() 'Jumble loading'
INFO: 2021-07-18 09:04:24,993: _walk_modules() 'Jumble loading module in __init__ from /usr/lib/python3.9/site-packages/variety/plugins/builtin/__init__.py'
INFO: 2021-07-18 09:04:24,994: _walk_modules() 'Jumble loading module in APODDownloader from /usr/lib/python3.9/site-packages/variety/plugins/builtin/downloaders/APODDownloader.py'
INFO: 2021-07-18 09:04:24,995: load() 'Jumble found plugin class: <class 'APODDownloader.APODDownloader'>: {'name': 'APODDownloader', 'description': 'NASA Astro Pic of the Day', 'author': 'Peter Levi', 'version': '0.1'}'
INFO: 2021-07-18 09:04:24,995: _walk_modules() 'Jumble loading module in BingDownloader from /usr/lib/python3.9/site-packages/variety/plugins/builtin/downloaders/BingDownloader.py'
INFO: 2021-07-18 09:04:24,996: load() 'Jumble found plugin class: <class 'BingDownloader.BingDownloader'>: {'name': 'BingDownloader', 'description': 'Bing Photo of the Day', 'author': 'Peter Levi', 'version': '0.1'}'
INFO: 2021-07-18 09:04:24,996: _walk_modules() 'Jumble loading module in EarthviewDownloader from /usr/lib/python3.9/site-packages/variety/plugins/builtin/downloaders/EarthviewDownloader.py'
INFO: 2021-07-18 09:04:24,997: load() 'Jumble found plugin class: <class 'EarthviewDownloader.EarthviewDownloader'>: {'name': 'EarthviewDownloader', 'description': 'Google Earth View Wallpapers', 'author': 'Peter Levi', 'version': '0.1'}'
INFO: 2021-07-18 09:04:24,997: _walk_modules() 'Jumble loading module in MediaRSSDownloader from /usr/lib/python3.9/site-packages/variety/plugins/builtin/downloaders/MediaRSSDownloader.py'
INFO: 2021-07-18 09:04:24,998: _walk_modules() 'Jumble loading module in MediaRSSSource from /usr/lib/python3.9/site-packages/variety/plugins/builtin/downloaders/MediaRSSSource.py'
INFO: 2021-07-18 09:04:24,999: load() 'Jumble found plugin class: <class 'MediaRSSSource.MediaRSSSource'>: {'name': 'MediaRSSSource', 'description': 'Configurable source for fetching images from MediaRSS feeds', 'author': 'Peter Levi', 'version': '0.1'}'
INFO: 2021-07-18 09:04:25,000: _walk_modules() 'Jumble loading module in RedditDownloader from /usr/lib/python3.9/site-packages/variety/plugins/builtin/downloaders/RedditDownloader.py'
INFO: 2021-07-18 09:04:25,001: _walk_modules() 'Jumble loading module in RedditSource from /usr/lib/python3.9/site-packages/variety/plugins/builtin/downloaders/RedditSource.py'
INFO: 2021-07-18 09:04:25,002: load() 'Jumble found plugin class: <class 'RedditSource.RedditSource'>: {'name': 'RedditSource', 'description': 'Configurable source for fetching images from Reddit', 'author': 'Peter Levi', 'version': '0.1'}'
INFO: 2021-07-18 09:04:25,002: _walk_modules() 'Jumble loading module in UnsplashConfigurableSource from /usr/lib/python3.9/site-packages/variety/plugins/builtin/downloaders/UnsplashConfigurableSource.py'
INFO: 2021-07-18 09:04:25,003: load() 'Jumble found plugin class: <class 'UnsplashConfigurableSource.UnsplashConfigurableSource'>: {'name': 'UnsplashConfigurableSource', 'description': 'Configurable source for fetching photos from Unsplash.com', 'author': 'Peter Levi', 'version': '0.1'}'
INFO: 2021-07-18 09:04:25,003: _walk_modules() 'Jumble loading module in UnsplashDownloader from /usr/lib/python3.9/site-packages/variety/plugins/builtin/downloaders/UnsplashDownloader.py'
INFO: 2021-07-18 09:04:25,004: load() 'Jumble found plugin class: <class 'UnsplashDownloader.UnsplashDownloader'>: {'name': 'UnsplashDownloader', 'description': 'High-resolution photos from Unsplash.com', 'author': 'Peter Levi', 'version': '0.1'}'
INFO: 2021-07-18 09:04:25,004: _walk_modules() 'Jumble loading module in WallhavenDownloader from /usr/lib/python3.9/site-packages/variety/plugins/builtin/downloaders/WallhavenDownloader.py'
INFO: 2021-07-18 09:04:25,005: _walk_modules() 'Jumble loading module in WallhavenSource from /usr/lib/python3.9/site-packages/variety/plugins/builtin/downloaders/WallhavenSource.py'
INFO: 2021-07-18 09:04:25,006: load() 'Jumble found plugin class: <class 'WallhavenSource.WallhavenSource'>: {'name': 'WallhavenSource', 'description': 'Configurable source for fetching images from Wallhaven.cc', 'author': 'Peter Levi', 'version': '0.1'}'
INFO: 2021-07-18 09:04:25,006: _walk_modules() 'Jumble loading module in __init__ from /usr/lib/python3.9/site-packages/variety/plugins/builtin/downloaders/__init__.py'
INFO: 2021-07-18 09:04:25,006: _walk_modules() 'Jumble loading module in FortuneSource from /usr/lib/python3.9/site-packages/variety/plugins/builtin/quotes/FortuneSource.py'
INFO: 2021-07-18 09:04:25,007: load() 'Jumble found plugin class: <class 'FortuneSource.FortuneSource'>: {'name': 'UNIX fortune program', 'description': 'Displays quotes using the UNIX fortune program. You may want to install additional fortune packs, e.g. fortunes-bofh-excuses.', 'author': 'Dan Jones', 'version': '0.1'}'
INFO: 2021-07-18 09:04:25,007: _walk_modules() 'Jumble loading module in GoodreadsSource from /usr/lib/python3.9/site-packages/variety/plugins/builtin/quotes/GoodreadsSource.py'
INFO: 2021-07-18 09:04:25,013: load() 'Jumble found plugin class: <class 'GoodreadsSource.GoodreadsSource'>: {'name': 'Goodreads', 'description': 'Fetches quotes from Goodreads.com', 'author': 'Peter Levi', 'version': '0.1'}'
INFO: 2021-07-18 09:04:25,014: _walk_modules() 'Jumble loading module in LocalFilesSource from /usr/lib/python3.9/site-packages/variety/plugins/builtin/quotes/LocalFilesSource.py'
INFO: 2021-07-18 09:04:25,014: load() 'Jumble found plugin class: <class 'LocalFilesSource.LocalFilesSource'>: {'name': 'Local text files', 'description': 'Displays quotes, defined in local text files.\nPut your own txt files in: ~/.config/variety/pluginconfig/quotes/.\nThe file format is:\n\nquote -- author\n.\nsecond quote -- another author\n.\netc...\n\nExample: http://rvelthuis.de/zips/quotes.txt', 'author': 'Peter Levi', 'version': '0.1'}'
INFO: 2021-07-18 09:04:25,015: _walk_modules() 'Jumble loading module in QuotationsPageSource from /usr/lib/python3.9/site-packages/variety/plugins/builtin/quotes/QuotationsPageSource.py'
INFO: 2021-07-18 09:04:25,015: load() 'Jumble found plugin class: <class 'QuotationsPageSource.QuotationsPageSource'>: {'name': 'TheQuotationsPage.com', 'description': 'Fetches quotes from TheQuotationsPage.com', 'author': 'Peter Levi', 'version': '0.1'}'
INFO: 2021-07-18 09:04:25,015: _walk_modules() 'Jumble loading module in UrbanDictionarySource from /usr/lib/python3.9/site-packages/variety/plugins/builtin/quotes/UrbanDictionarySource.py'
INFO: 2021-07-18 09:04:25,016: load() 'Jumble found plugin class: <class 'UrbanDictionarySource.UrbanDictionarySource'>: {'name': 'Urban Dictionary', 'description': 'Displays definitions from Urban Dictionary', 'author': 'James Miller', 'version': '0.1'}'
INFO: 2021-07-18 09:04:25,016: _walk_modules() 'Jumble loading module in __init__ from /usr/lib/python3.9/site-packages/variety/plugins/builtin/quotes/__init__.py'
INFO: 2021-07-18 09:04:25,037: reload_config() 'Creating new downloader for type wallhaven, location abstract'
INFO: 2021-07-18 09:04:25,038: log_options() 'Loaded options:'
INFO: 2021-07-18 09:04:25,038: log_options() 'change_enabled = False'
INFO: 2021-07-18 09:04:25,038: log_options() 'change_interval = 300'
INFO: 2021-07-18 09:04:25,038: log_options() 'change_on_start = False'
INFO: 2021-07-18 09:04:25,038: log_options() 'clipboard_enabled = False'
INFO: 2021-07-18 09:04:25,038: log_options() 'clipboard_hosts = ['wallhaven.cc', 'wallpapers.net', 'flickr.com', 'imgur.com', 'deviantart.com', 'interfacelift.com', 'vladstudio.com', 'imageshack.us', 'deviantart.net', 'imageshack.com']'
INFO: 2021-07-18 09:04:25,038: log_options() 'clipboard_use_whitelist = True'
INFO: 2021-07-18 09:04:25,038: log_options() 'clock_date_font = Ubuntu Condensed, 30'
INFO: 2021-07-18 09:04:25,038: log_options() 'clock_enabled = False'
INFO: 2021-07-18 09:04:25,038: log_options() 'clock_filter = -density 100 -font `fc-match -f '%{file[0]}' '%CLOCK_FONT_NAME'` -pointsize %CLOCK_FONT_SIZE -gravity SouthEast -fill '#00000044' -annotate 0x0+[%HOFFSET+58]+[%VOFFSET+108] '%H:%M' -fill white -annotate 0x0+[%HOFFSET+60]+[%VOFFSET+110] '%H:%M' -font `fc-match -f '%{file[0]}' '%DATE_FONT_NAME'` -pointsize %DATE_FONT_SIZE -fill '#00000044' -annotate 0x0+[%HOFFSET+58]+[%VOFFSET+58] '%A, %B %d' -fill white -annotate 0x0+[%HOFFSET+60]+[%VOFFSET+60] '%A, %B %d''
INFO: 2021-07-18 09:04:25,038: log_options() 'clock_font = Ubuntu Condensed, 70'
INFO: 2021-07-18 09:04:25,038: log_options() 'configfile = /home/kim/.config/variety/variety.conf'
INFO: 2021-07-18 09:04:25,038: log_options() 'copyto_enabled = True'
INFO: 2021-07-18 09:04:25,038: log_options() 'copyto_folder = Default'
INFO: 2021-07-18 09:04:25,038: log_options() 'desired_color = [160, 160, 160]'
INFO: 2021-07-18 09:04:25,038: log_options() 'desired_color_enabled = False'
INFO: 2021-07-18 09:04:25,038: log_options() 'download_folder = /home/kim/.config/variety/Downloaded'
INFO: 2021-07-18 09:04:25,038: log_options() 'download_preference_ratio = 0.9'
INFO: 2021-07-18 09:04:25,038: log_options() 'favorites_folder = /home/kim/.config/variety/Favorites'
INFO: 2021-07-18 09:04:25,038: log_options() 'favorites_operations = [['/', 'Both']]'
INFO: 2021-07-18 09:04:25,038: log_options() 'fetched_folder = /home/kim/.config/variety/Fetched'
INFO: 2021-07-18 09:04:25,038: log_options() 'filters = [[False, 'Keep original', ''], [False, 'Grayscale', '-type Grayscale'], [False, 'Heavy blur', '-blur 120x40'], [False, 'Soft blur', '-blur 20x7'], [False, 'Oil painting', '-paint 8'], [False, 'Pointilism', '-spread 10 -noise 3'], [False, 'Pixellate', '-scale 3% -scale 3333%']]'
INFO: 2021-07-18 09:04:25,038: log_options() 'icon = Light'
INFO: 2021-07-18 09:04:25,038: log_options() 'lightness_enabled = False'
INFO: 2021-07-18 09:04:25,038: log_options() 'lightness_mode = 0'
INFO: 2021-07-18 09:04:25,038: log_options() 'min_rating = 4'
INFO: 2021-07-18 09:04:25,038: log_options() 'min_rating_enabled = False'
INFO: 2021-07-18 09:04:25,038: log_options() 'min_size = 80'
INFO: 2021-07-18 09:04:25,038: log_options() 'min_size_enabled = False'
INFO: 2021-07-18 09:04:25,038: log_options() 'quota_enabled = True'
INFO: 2021-07-18 09:04:25,038: log_options() 'quota_size = 1000'
INFO: 2021-07-18 09:04:25,039: log_options() 'quotes_authors = '
INFO: 2021-07-18 09:04:25,039: log_options() 'quotes_bg_color = [80, 80, 80]'
INFO: 2021-07-18 09:04:25,039: log_options() 'quotes_bg_opacity = 55'
INFO: 2021-07-18 09:04:25,039: log_options() 'quotes_change_enabled = False'
INFO: 2021-07-18 09:04:25,039: log_options() 'quotes_change_interval = 300'
INFO: 2021-07-18 09:04:25,039: log_options() 'quotes_disabled_sources = ['Urban Dictionary']'
INFO: 2021-07-18 09:04:25,039: log_options() 'quotes_enabled = False'
INFO: 2021-07-18 09:04:25,039: log_options() 'quotes_favorites_file = /home/kim/.config/variety/favorite_quotes.txt'
INFO: 2021-07-18 09:04:25,039: log_options() 'quotes_font = Bitstream Charter 30'
INFO: 2021-07-18 09:04:25,039: log_options() 'quotes_hpos = 100'
INFO: 2021-07-18 09:04:25,039: log_options() 'quotes_max_length = 250'
INFO: 2021-07-18 09:04:25,039: log_options() 'quotes_tags = '
INFO: 2021-07-18 09:04:25,039: log_options() 'quotes_text_color = [255, 255, 255]'
INFO: 2021-07-18 09:04:25,039: log_options() 'quotes_text_shadow = False'
INFO: 2021-07-18 09:04:25,039: log_options() 'quotes_vpos = 40'
INFO: 2021-07-18 09:04:25,039: log_options() 'quotes_width = 70'
INFO: 2021-07-18 09:04:25,039: log_options() 'safe_mode = False'
INFO: 2021-07-18 09:04:25,039: log_options() 'slideshow_custom_enabled = False'
INFO: 2021-07-18 09:04:25,039: log_options() 'slideshow_custom_folder = /home/kim/Dokumenter/Billeder'
INFO: 2021-07-18 09:04:25,039: log_options() 'slideshow_downloads_enabled = False'
INFO: 2021-07-18 09:04:25,039: log_options() 'slideshow_fade = 0.4'
INFO: 2021-07-18 09:04:25,039: log_options() 'slideshow_favorites_enabled = True'
INFO: 2021-07-18 09:04:25,039: log_options() 'slideshow_mode = Fullscreen'
INFO: 2021-07-18 09:04:25,039: log_options() 'slideshow_monitor = All'
INFO: 2021-07-18 09:04:25,039: log_options() 'slideshow_pan = 0.05'
INFO: 2021-07-18 09:04:25,039: log_options() 'slideshow_seconds = 6.0'
INFO: 2021-07-18 09:04:25,039: log_options() 'slideshow_sort_order = Random'
INFO: 2021-07-18 09:04:25,039: log_options() 'slideshow_sources_enabled = True'
INFO: 2021-07-18 09:04:25,039: log_options() 'slideshow_zoom = 0.2'
INFO: 2021-07-18 09:04:25,039: log_options() 'smart_enabled = False'
INFO: 2021-07-18 09:04:25,039: log_options() 'smart_notice_shown = False'
INFO: 2021-07-18 09:04:25,039: log_options() 'smart_register_shown = False'
INFO: 2021-07-18 09:04:25,039: log_options() 'sources = [[False, 'favorites', 'The Favorites folder'], [False, 'fetched', 'The Fetched folder'], [False, 'folder', '/usr/share/backgrounds'], [False, 'flickr', 'user:www.flickr.com/photos/peter-levi/;user_id:93647178@N00;'], [False, 'apod', "NASA's Astronomy Picture of the Day"], [False, 'bing', 'Bing Photo of the Day'], [False, 'earthview', 'Google Earth View Wallpapers'], [False, 'unsplash', 'High-resolution photos from Unsplash.com'], [True, 'wallhaven', 'abstract']]'
INFO: 2021-07-18 09:04:25,039: log_options() 'stats_enabled = True'
INFO: 2021-07-18 09:04:25,039: log_options() 'stats_notice_shown = False'
INFO: 2021-07-18 09:04:25,039: log_options() 'sync_enabled = True'
INFO: 2021-07-18 09:04:25,039: log_options() 'use_landscape_enabled = True'
INFO: 2021-07-18 09:04:25,039: reload_config() 'No need to clear prepared queue'
INFO: 2021-07-18 09:04:25,040: update_indicator() 'Setting file info to: /home/kim/.config/variety/Downloaded/wallhaven_abstract/wallhaven-ne2jln.jpg'
INFO: 2021-07-18 09:04:25,041: load_last_change_time() 'Change interval < 6 hours, ignore persisted last_change_time, wait initially the whole interval: 300'
INFO: 2021-07-18 09:04:25,041: update_indicator() 'Setting file info to: /home/kim/.config/variety/Downloaded/wallhaven_abstract/wallhaven-ne2jln.jpg'
INFO: 2021-07-18 09:04:25,041: regular_change_thread() 'regular_change thread running'
INFO: 2021-07-18 09:04:25,041: regular_change_thread() 'regular_change: waiting till user resumes'
INFO: 2021-07-18 09:04:25,042: prepare_thread() 'Prepare thread running'
INFO: 2021-07-18 09:04:25,042: prepare_thread() 'Prepared buffer contains 0 images'
INFO: 2021-07-18 09:04:25,042: prepare_thread() 'Preparing some images'
INFO: 2021-07-18 09:04:25,043: update_indicator_icon() 'Creating indicator'
WARNING: 2021-07-18 09:04:25,055: create_menu() 'Variety Slideshow is not installed. This is an optional extension adding pan-and-zoom slideshows to Variety: see https://github.com/peterlevi/variety-slideshow for details'
INFO: 2021-07-18 09:04:25,057: create_indicator() 'indicator backend: fallback tray'
INFO: 2021-07-18 09:04:25,103: set_from_theme_icon() 'Showing status icon variety-indicator from GTK theme'
INFO: 2021-07-18 09:04:25,112: prepare_thread() 'After search prepared buffer contains 49 images'
INFO: 2021-07-18 09:04:25,141: do_set_wp() 'Calling do_set_wp with /home/kim/.config/variety/Downloaded/wallhaven_abstract/wallhaven-ne2jln.jpg, time: 1626591865.1414177'
INFO: 2021-07-18 09:04:25,161: update_indicator() 'Setting file info to: /home/kim/.config/variety/Downloaded/wallhaven_abstract/wallhaven-ne2jln.jpg'
INFO: 2021-07-18 09:04:25,162: list_files() 'More than 1 files in the folders, stop listing'
INFO: 2021-07-18 09:04:26,694: reload() 'Reloading preferences dialog'
INFO: 2021-07-18 09:04:27,112: trigger_download() 'Triggering download thread to check if download needed'
INFO: 2021-07-18 09:04:45,062: server_options_thread() 'Fetching server options from http://tiny.cc/variety-options-063'
INFO: 2021-07-18 09:04:46,009: server_options_thread() 'Fetched server options: {'flickr': {'min_fill_queue_interval': 1200, 'min_download_interval': 1200}, 'wallbase': {'min_fill_queue_interval': 1800, 'min_download_interval': 1800}, 'wallhaven': {'min_fill_queue_interval': 1800, 'min_download_interval': 1800}, 'wallpapers.net': {'min_fill_queue_interval': 601, 'min_download_interval': 0}, 'unsplash': {'min_fill_queue_interval': 20000000000, 'min_download_interval': 20000000000}, 'unsplash_v2': {'min_fill_queue_interval': 2000, 'min_download_interval': 1200}, 'status_message': {'0.0.1': '', '*': ''}}'
INFO: 2021-07-18 09:05:26,798: set_wallpaper() 'Calling set_wallpaper with /home/kim/.config/variety/Downloaded/wallhaven_abstract/wallhaven-6k353l.jpg'
INFO: 2021-07-18 09:05:26,798: prepare_thread() 'Prepared buffer contains 49 images'
INFO: 2021-07-18 09:05:26,800: do_set_wp() 'Calling do_set_wp with /home/kim/.config/variety/Downloaded/wallhaven_abstract/wallhaven-6k353l.jpg, time: 1626591926.8001297'
INFO: 2021-07-18 09:05:26,839: update_indicator() 'Setting file info to: /home/kim/.config/variety/Downloaded/wallhaven_abstract/wallhaven-6k353l.jpg'
INFO: 2021-07-18 09:05:26,841: list_files() 'More than 1 files in the folders, stop listing'
INFO: 2021-07-18 09:05:28,799: trigger_download() 'Triggering download thread to check if download needed'
INFO: 2021-07-18 09:05:28,800: get_throttling() 'Wallhaven.cc: parsing serverside options'
INFO: 2021-07-18 09:05:28,800: get_throttling() 'Wallhaven.cc serverside options: {'min_fill_queue_interval': 1800, 'min_download_interval': 1800}'
INFO: 2021-07-18 09:05:28,800: get_throttling() 'Wallhaven.cc: parsing serverside options'
INFO: 2021-07-18 09:05:28,800: get_throttling() 'Wallhaven.cc serverside options: {'min_fill_queue_interval': 1800, 'min_download_interval': 1800}'
INFO: 2021-07-18 09:05:28,800: download_one() 'Wallhaven.cc: Downloading an image, config: abstract'
INFO: 2021-07-18 09:05:28,800: trigger_download() 'Triggering download thread to check if download needed'
INFO: 2021-07-18 09:05:28,800: download_one() 'Wallhaven.cc: Queue size: 0'
INFO: 2021-07-18 09:05:28,800: get_throttling() 'Wallhaven.cc: parsing serverside options'
INFO: 2021-07-18 09:05:28,800: get_throttling() 'Wallhaven.cc serverside options: {'min_fill_queue_interval': 1800, 'min_download_interval': 1800}'
INFO: 2021-07-18 09:05:28,800: download_one() 'Wallhaven.cc: Filling queue'
INFO: 2021-07-18 09:05:28,800: search() 'Performing wallhaven search: url=https://wallhaven.cc/search?q=abstract&categories=111&purity=100&sorting=favorites&order=desc'
INFO: 2021-07-18 09:05:29,439: fill_queue() '11150 wallpapers in result, using page 1'
INFO: 2021-07-18 09:05:29,439: search() 'Performing wallhaven search: url=https://wallhaven.cc/search?q=abstract&categories=111&purity=100&sorting=favorites&order=desc&page=1'
INFO: 2021-07-18 09:05:30,000: download_one() 'Wallhaven.cc: Queue populated with 12 URLs'
INFO: 2021-07-18 09:05:30,000: download_queue_item() 'Wallpaper URL: https://wallhaven.cc/w/n6qzmx'
INFO: 2021-07-18 09:05:30,595: download_queue_item() 'Image src URL: https://w.wallhaven.cc/full/n6/wallhaven-n6qzmx.png'
INFO: 2021-07-18 09:05:30,597: save_locally() 'Origin URL: https://wallhaven.cc/w/n6qzmx'
INFO: 2021-07-18 09:05:30,597: save_locally() 'Image URL: https://w.wallhaven.cc/full/n6/wallhaven-n6qzmx.png'
INFO: 2021-07-18 09:05:30,597: save_locally() 'Local path: /home/kim/.config/variety/Downloaded/wallhaven_abstract/wallhaven-n6qzmx.png'
INFO: 2021-07-18 09:05:31,727: save_locally() 'Download complete'
INFO: 2021-07-18 09:05:31,727: update_indicator() 'Setting file info to: /home/kim/.config/variety/Downloaded/wallhaven_abstract/wallhaven-6k353l.jpg'
INFO: 2021-07-18 09:05:31,728: list_files() 'More than 1 files in the folders, stop listing'
INFO: 2021-07-18 09:05:31,728: download_one_from() 'Adding downloaded file /home/kim/.config/variety/Downloaded/wallhaven_abstract/wallhaven-n6qzmx.png to unseen_downloads'
INFO: 2021-07-18 09:05:31,927: set_wallpaper() 'Calling set_wallpaper with /home/kim/.config/variety/Downloaded/wallhaven_abstract/wallhaven-p8zvr9.jpg'
INFO: 2021-07-18 09:05:31,927: prepare_thread() 'Prepared buffer contains 49 images'
INFO: 2021-07-18 09:05:31,929: do_set_wp() 'Calling do_set_wp with /home/kim/.config/variety/Downloaded/wallhaven_abstract/wallhaven-p8zvr9.jpg, time: 1626591931.9298868'
INFO: 2021-07-18 09:05:31,950: update_indicator() 'Setting file info to: /home/kim/.config/variety/Downloaded/wallhaven_abstract/wallhaven-p8zvr9.jpg'
INFO: 2021-07-18 09:05:31,951: list_files() 'More than 1 files in the folders, stop listing'
INFO: 2021-07-18 09:05:32,730: get_throttling() 'Wallhaven.cc: parsing serverside options'
INFO: 2021-07-18 09:05:32,730: get_throttling() 'Wallhaven.cc serverside options: {'min_fill_queue_interval': 1800, 'min_download_interval': 1800}'
INFO: 2021-07-18 09:05:32,731: get_throttling() 'Wallhaven.cc: parsing serverside options'
INFO: 2021-07-18 09:05:32,731: get_throttling() 'Wallhaven.cc serverside options: {'min_fill_queue_interval': 1800, 'min_download_interval': 1800}'
INFO: 2021-07-18 09:05:32,731: download_one() 'Wallhaven.cc: Downloading an image, config: abstract'
INFO: 2021-07-18 09:05:32,731: download_one() 'Wallhaven.cc: Queue size: 11'
INFO: 2021-07-18 09:05:32,731: download_one() 'Wallhaven.cc: Queue populated with 11 URLs'
INFO: 2021-07-18 09:05:32,731: download_queue_item() 'Wallpaper URL: https://wallhaven.cc/w/lqmzkq'
INFO: 2021-07-18 09:05:33,271: download_queue_item() 'Image src URL: https://w.wallhaven.cc/full/lq/wallhaven-lqmzkq.jpg'
INFO: 2021-07-18 09:05:33,276: save_locally() 'Origin URL: https://wallhaven.cc/w/lqmzkq'
INFO: 2021-07-18 09:05:33,276: save_locally() 'Image URL: https://w.wallhaven.cc/full/lq/wallhaven-lqmzkq.jpg'
INFO: 2021-07-18 09:05:33,277: save_locally() 'Local path: /home/kim/.config/variety/Downloaded/wallhaven_abstract/wallhaven-lqmzkq.jpg'
INFO: 2021-07-18 09:05:33,928: trigger_download() 'Triggering download thread to check if download needed'
INFO: 2021-07-18 09:05:33,929: trigger_download() 'Triggering download thread to check if download needed'
INFO: 2021-07-18 09:05:34,521: save_locally() 'Download complete'
INFO: 2021-07-18 09:05:34,521: update_indicator() 'Setting file info to: /home/kim/.config/variety/Downloaded/wallhaven_abstract/wallhaven-p8zvr9.jpg'
INFO: 2021-07-18 09:05:34,522: list_files() 'More than 1 files in the folders, stop listing'
INFO: 2021-07-18 09:05:34,522: download_one_from() 'Adding downloaded file /home/kim/.config/variety/Downloaded/wallhaven_abstract/wallhaven-lqmzkq.jpg to unseen_downloads'
INFO: 2021-07-18 09:05:35,424: set_wallpaper() 'Calling set_wallpaper with /home/kim/.config/variety/Downloaded/wallhaven_abstract/wallhaven-42e9m9.jpg'
INFO: 2021-07-18 09:05:35,424: prepare_thread() 'Prepared buffer contains 49 images'
INFO: 2021-07-18 09:05:35,426: do_set_wp() 'Calling do_set_wp with /home/kim/.config/variety/Downloaded/wallhaven_abstract/wallhaven-42e9m9.jpg, time: 1626591935.4265435'
INFO: 2021-07-18 09:05:35,446: update_indicator() 'Setting file info to: /home/kim/.config/variety/Downloaded/wallhaven_abstract/wallhaven-42e9m9.jpg'
INFO: 2021-07-18 09:05:35,448: list_files() 'More than 1 files in the folders, stop listing'
INFO: 2021-07-18 09:05:35,524: get_throttling() 'Wallhaven.cc: parsing serverside options'
INFO: 2021-07-18 09:05:35,524: get_throttling() 'Wallhaven.cc serverside options: {'min_fill_queue_interval': 1800, 'min_download_interval': 1800}'
INFO: 2021-07-18 09:05:35,525: get_throttling() 'Wallhaven.cc: parsing serverside options'
INFO: 2021-07-18 09:05:35,525: get_throttling() 'Wallhaven.cc serverside options: {'min_fill_queue_interval': 1800, 'min_download_interval': 1800}'
INFO: 2021-07-18 09:05:35,525: download_one() 'Wallhaven.cc: Downloading an image, config: abstract'
INFO: 2021-07-18 09:05:35,525: download_one() 'Wallhaven.cc: Queue size: 10'
INFO: 2021-07-18 09:05:35,525: download_one() 'Wallhaven.cc: Queue populated with 10 URLs'
INFO: 2021-07-18 09:05:35,525: download_queue_item() 'Wallpaper URL: https://wallhaven.cc/w/6k23rw'
INFO: 2021-07-18 09:05:36,053: download_queue_item() 'Image src URL: https://w.wallhaven.cc/full/6k/wallhaven-6k23rw.jpg'
INFO: 2021-07-18 09:05:36,054: save_locally() 'Origin URL: https://wallhaven.cc/w/6k23rw'
INFO: 2021-07-18 09:05:36,054: save_locally() 'Image URL: https://w.wallhaven.cc/full/6k/wallhaven-6k23rw.jpg'
INFO: 2021-07-18 09:05:36,054: save_locally() 'Local path: /home/kim/.config/variety/Downloaded/wallhaven_abstract/wallhaven-6k23rw.jpg'
INFO: 2021-07-18 09:05:37,281: save_locally() 'Download complete'
INFO: 2021-07-18 09:05:37,281: update_indicator() 'Setting file info to: /home/kim/.config/variety/Downloaded/wallhaven_abstract/wallhaven-42e9m9.jpg'
INFO: 2021-07-18 09:05:37,281: list_files() 'More than 1 files in the folders, stop listing'
INFO: 2021-07-18 09:05:37,282: download_one_from() 'Adding downloaded file /home/kim/.config/variety/Downloaded/wallhaven_abstract/wallhaven-6k23rw.jpg to unseen_downloads'
INFO: 2021-07-18 09:05:37,425: trigger_download() 'Triggering download thread to check if download needed'
INFO: 2021-07-18 09:05:37,426: trigger_download() 'Triggering download thread to check if download needed'
INFO: 2021-07-18 09:05:40,297: set_wallpaper() 'Calling set_wallpaper with /home/kim/.config/variety/Downloaded/wallhaven_abstract/wallhaven-39j6k9.jpg'
INFO: 2021-07-18 09:05:40,298: prepare_thread() 'Prepared buffer contains 49 images'
INFO: 2021-07-18 09:05:40,300: do_set_wp() 'Calling do_set_wp with /home/kim/.config/variety/Downloaded/wallhaven_abstract/wallhaven-39j6k9.jpg, time: 1626591940.3004935'
INFO: 2021-07-18 09:05:40,324: update_indicator() 'Setting file info to: /home/kim/.config/variety/Downloaded/wallhaven_abstract/wallhaven-39j6k9.jpg'
INFO: 2021-07-18 09:05:40,326: list_files() 'More than 1 files in the folders, stop listing'
INFO: 2021-07-18 09:05:42,299: trigger_download() 'Triggering download thread to check if download needed'
INFO: 2021-07-18 09:05:42,299: get_throttling() 'Wallhaven.cc: parsing serverside options'
INFO: 2021-07-18 09:05:42,299: get_throttling() 'Wallhaven.cc serverside options: {'min_fill_queue_interval': 1800, 'min_download_interval': 1800}'
INFO: 2021-07-18 09:05:42,299: get_throttling() 'Wallhaven.cc: parsing serverside options'
INFO: 2021-07-18 09:05:42,299: get_throttling() 'Wallhaven.cc serverside options: {'min_fill_queue_interval': 1800, 'min_download_interval': 1800}'
INFO: 2021-07-18 09:05:42,299: download_one() 'Wallhaven.cc: Downloading an image, config: abstract'
INFO: 2021-07-18 09:05:42,299: download_one() 'Wallhaven.cc: Queue size: 9'
INFO: 2021-07-18 09:05:42,299: download_one() 'Wallhaven.cc: Queue populated with 9 URLs'
INFO: 2021-07-18 09:05:42,299: download_queue_item() 'Wallpaper URL: https://wallhaven.cc/w/ne7lr8'
INFO: 2021-07-18 09:05:42,300: trigger_download() 'Triggering download thread to check if download needed'
INFO: 2021-07-18 09:05:42,842: download_queue_item() 'Image src URL: https://w.wallhaven.cc/full/ne/wallhaven-ne7lr8.jpg'
INFO: 2021-07-18 09:05:42,844: save_locally() 'Origin URL: https://wallhaven.cc/w/ne7lr8'
INFO: 2021-07-18 09:05:42,844: save_locally() 'Image URL: https://w.wallhaven.cc/full/ne/wallhaven-ne7lr8.jpg'
INFO: 2021-07-18 09:05:42,844: save_locally() 'Local path: /home/kim/.config/variety/Downloaded/wallhaven_abstract/wallhaven-ne7lr8.jpg'
INFO: 2021-07-18 09:05:43,568: set_wallpaper() 'Calling set_wallpaper with /home/kim/.config/variety/Downloaded/wallhaven_abstract/wallhaven-0jw2xq.png'
INFO: 2021-07-18 09:05:43,569: prepare_thread() 'Prepared buffer contains 48 images'
INFO: 2021-07-18 09:05:43,570: do_set_wp() 'Calling do_set_wp with /home/kim/.config/variety/Downloaded/wallhaven_abstract/wallhaven-0jw2xq.png, time: 1626591943.5701087'
INFO: 2021-07-18 09:05:43,596: update_indicator() 'Setting file info to: /home/kim/.config/variety/Downloaded/wallhaven_abstract/wallhaven-0jw2xq.png'
INFO: 2021-07-18 09:05:43,598: list_files() 'More than 1 files in the folders, stop listing'
INFO: 2021-07-18 09:05:43,868: save_locally() 'Download complete'
INFO: 2021-07-18 09:05:43,868: update_indicator() 'Setting file info to: /home/kim/.config/variety/Downloaded/wallhaven_abstract/wallhaven-39j6k9.jpg'
INFO: 2021-07-18 09:05:43,869: list_files() 'More than 1 files in the folders, stop listing'
INFO: 2021-07-18 09:05:43,870: download_one_from() 'Adding downloaded file /home/kim/.config/variety/Downloaded/wallhaven_abstract/wallhaven-ne7lr8.jpg to unseen_downloads'
INFO: 2021-07-18 09:05:45,570: trigger_download() 'Triggering download thread to check if download needed'
INFO: 2021-07-18 09:05:50,232: move_or_copy_file() 'Copied /home/kim/.config/variety/Downloaded/wallhaven_abstract/wallhaven-0jw2xq.png to /home/kim/.config/variety/Favorites'
INFO: 2021-07-18 09:05:50,232: update_indicator() 'Setting file info to: /home/kim/.config/variety/Downloaded/wallhaven_abstract/wallhaven-0jw2xq.png'
INFO: 2021-07-18 09:05:50,239: list_files() 'More than 1 files in the folders, stop listing'
INFO: 2021-07-18 09:08:13,635: process_command() 'Received command: ['--preferences']'
INFO: 2021-07-18 09:08:13,638: reload() 'Reloading preferences dialog'
INFO: 2021-07-18 09:08:53,832: process_command() 'Received command: ['--preferences']'
INFO: 2021-07-18 09:09:10,462: process_command() 'Received command: ['--preferences']'
INFO: 2021-07-18 09:09:36,234: process_command() 'Received command: ['--preferences']'
INFO: 2021-07-18 09:10:13,490: trigger_download() 'Triggering download thread to check if download needed'
INFO: 2021-07-18 09:10:13,590: apply() 'Applying preferences'
INFO: 2021-07-18 09:10:13,596: set_visible() 'Showing status icon'
INFO: 2021-07-18 09:10:13,597: set_from_theme_icon() 'Showing status icon variety-indicator from GTK theme'
INFO: 2021-07-18 09:10:13,597: log_options() 'Loaded options:'
INFO: 2021-07-18 09:10:13,597: log_options() 'change_enabled = False'
INFO: 2021-07-18 09:10:13,597: log_options() 'change_interval = 300'
INFO: 2021-07-18 09:10:13,597: log_options() 'change_on_start = False'
INFO: 2021-07-18 09:10:13,597: log_options() 'clipboard_enabled = False'
INFO: 2021-07-18 09:10:13,597: log_options() 'clipboard_hosts = ['wallhaven.cc', 'wallpapers.net', 'flickr.com', 'imgur.com', 'deviantart.com', 'interfacelift.com', 'vladstudio.com', 'imageshack.us', 'deviantart.net', 'imageshack.com']'
INFO: 2021-07-18 09:10:13,597: log_options() 'clipboard_use_whitelist = True'
INFO: 2021-07-18 09:10:13,597: log_options() 'clock_date_font = Ubuntu Condensed, 30'
INFO: 2021-07-18 09:10:13,597: log_options() 'clock_enabled = False'
INFO: 2021-07-18 09:10:13,597: log_options() 'clock_filter = -density 100 -font `fc-match -f '%{file[0]}' '%CLOCK_FONT_NAME'` -pointsize %CLOCK_FONT_SIZE -gravity SouthEast -fill '#00000044' -annotate 0x0+[%HOFFSET+58]+[%VOFFSET+108] '%H:%M' -fill white -annotate 0x0+[%HOFFSET+60]+[%VOFFSET+110] '%H:%M' -font `fc-match -f '%{file[0]}' '%DATE_FONT_NAME'` -pointsize %DATE_FONT_SIZE -fill '#00000044' -annotate 0x0+[%HOFFSET+58]+[%VOFFSET+58] '%A, %B %d' -fill white -annotate 0x0+[%HOFFSET+60]+[%VOFFSET+60] '%A, %B %d''
INFO: 2021-07-18 09:10:13,597: log_options() 'clock_font = Ubuntu Condensed, 70'
INFO: 2021-07-18 09:10:13,597: log_options() 'configfile = /home/kim/.config/variety/variety.conf'
INFO: 2021-07-18 09:10:13,597: log_options() 'copyto_enabled = True'
INFO: 2021-07-18 09:10:13,597: log_options() 'copyto_folder = Default'
INFO: 2021-07-18 09:10:13,597: log_options() 'desired_color = [160, 160, 160]'
INFO: 2021-07-18 09:10:13,598: log_options() 'desired_color_enabled = False'
INFO: 2021-07-18 09:10:13,598: log_options() 'download_folder = /home/kim/.config/variety/Downloaded'
INFO: 2021-07-18 09:10:13,598: log_options() 'download_preference_ratio = 0.9'
INFO: 2021-07-18 09:10:13,598: log_options() 'favorites_folder = /home/kim/.config/variety/Favorites'
INFO: 2021-07-18 09:10:13,598: log_options() 'favorites_operations = [['/', 'Both']]'
INFO: 2021-07-18 09:10:13,598: log_options() 'fetched_folder = /home/kim/.config/variety/Fetched'
INFO: 2021-07-18 09:10:13,598: log_options() 'filters = [[False, 'Keep original', ''], [False, 'Grayscale', '-type Grayscale'], [False, 'Heavy blur', '-blur 120x40'], [False, 'Soft blur', '-blur 20x7'], [False, 'Oil painting', '-paint 8'], [False, 'Pointilism', '-spread 10 -noise 3'], [False, 'Pixellate', '-scale 3% -scale 3333%']]'
INFO: 2021-07-18 09:10:13,598: log_options() 'icon = Light'
INFO: 2021-07-18 09:10:13,598: log_options() 'lightness_enabled = False'
INFO: 2021-07-18 09:10:13,598: log_options() 'lightness_mode = 0'
INFO: 2021-07-18 09:10:13,598: log_options() 'min_rating = 4'
INFO: 2021-07-18 09:10:13,598: log_options() 'min_rating_enabled = False'
INFO: 2021-07-18 09:10:13,598: log_options() 'min_size = 80'
INFO: 2021-07-18 09:10:13,598: log_options() 'min_size_enabled = False'
INFO: 2021-07-18 09:10:13,598: log_options() 'quota_enabled = True'
INFO: 2021-07-18 09:10:13,598: log_options() 'quota_size = 1000'
INFO: 2021-07-18 09:10:13,598: log_options() 'quotes_authors = '
INFO: 2021-07-18 09:10:13,598: log_options() 'quotes_bg_color = [80, 80, 80]'
INFO: 2021-07-18 09:10:13,598: log_options() 'quotes_bg_opacity = 55'
INFO: 2021-07-18 09:10:13,598: log_options() 'quotes_change_enabled = False'
INFO: 2021-07-18 09:10:13,598: log_options() 'quotes_change_interval = 300'
INFO: 2021-07-18 09:10:13,598: log_options() 'quotes_disabled_sources = ['Urban Dictionary']'
INFO: 2021-07-18 09:10:13,598: log_options() 'quotes_enabled = False'
INFO: 2021-07-18 09:10:13,598: log_options() 'quotes_favorites_file = /home/kim/.config/variety/favorite_quotes.txt'
INFO: 2021-07-18 09:10:13,598: log_options() 'quotes_font = Bitstream Charter 30'
INFO: 2021-07-18 09:10:13,598: log_options() 'quotes_hpos = 100'
INFO: 2021-07-18 09:10:13,598: log_options() 'quotes_max_length = 250'
INFO: 2021-07-18 09:10:13,598: log_options() 'quotes_tags = '
INFO: 2021-07-18 09:10:13,599: log_options() 'quotes_text_color = [255, 255, 255]'
INFO: 2021-07-18 09:10:13,599: log_options() 'quotes_text_shadow = False'
INFO: 2021-07-18 09:10:13,599: log_options() 'quotes_vpos = 40'
INFO: 2021-07-18 09:10:13,599: log_options() 'quotes_width = 70'
INFO: 2021-07-18 09:10:13,599: log_options() 'safe_mode = False'
INFO: 2021-07-18 09:10:13,599: log_options() 'slideshow_custom_enabled = False'
INFO: 2021-07-18 09:10:13,599: log_options() 'slideshow_custom_folder = /home/kim/Dokumenter/Billeder'
INFO: 2021-07-18 09:10:13,599: log_options() 'slideshow_downloads_enabled = False'
INFO: 2021-07-18 09:10:13,599: log_options() 'slideshow_fade = 0.4'
INFO: 2021-07-18 09:10:13,599: log_options() 'slideshow_favorites_enabled = True'
INFO: 2021-07-18 09:10:13,599: log_options() 'slideshow_mode = Fullscreen'
INFO: 2021-07-18 09:10:13,599: log_options() 'slideshow_monitor = All'
INFO: 2021-07-18 09:10:13,599: log_options() 'slideshow_pan = 0.05'
INFO: 2021-07-18 09:10:13,599: log_options() 'slideshow_seconds = 6.0'
INFO: 2021-07-18 09:10:13,599: log_options() 'slideshow_sort_order = Random'
INFO: 2021-07-18 09:10:13,599: log_options() 'slideshow_sources_enabled = True'
INFO: 2021-07-18 09:10:13,599: log_options() 'slideshow_zoom = 0.2'
INFO: 2021-07-18 09:10:13,599: log_options() 'smart_enabled = False'
INFO: 2021-07-18 09:10:13,599: log_options() 'smart_notice_shown = False'
INFO: 2021-07-18 09:10:13,599: log_options() 'smart_register_shown = False'
INFO: 2021-07-18 09:10:13,599: log_options() 'sources = [[False, 'favorites', 'The Favorites folder'], [False, 'fetched', 'The Fetched folder'], [False, 'folder', '/usr/share/backgrounds'], [False, 'flickr', 'user:www.flickr.com/photos/peter-levi/;user_id:93647178@N00;'], [False, 'apod', "NASA's Astronomy Picture of the Day"], [False, 'bing', 'Bing Photo of the Day'], [False, 'earthview', 'Google Earth View Wallpapers'], [False, 'unsplash', 'High-resolution photos from Unsplash.com'], [True, 'wallhaven', 'abstract']]'
INFO: 2021-07-18 09:10:13,599: log_options() 'stats_enabled = True'
INFO: 2021-07-18 09:10:13,599: log_options() 'stats_notice_shown = False'
INFO: 2021-07-18 09:10:13,599: log_options() 'sync_enabled = True'
INFO: 2021-07-18 09:10:13,599: log_options() 'use_landscape_enabled = True'
INFO: 2021-07-18 09:10:13,599: reload_config() 'No need to clear prepared queue'
INFO: 2021-07-18 09:10:13,600: update_indicator() 'Setting file info to: /home/kim/.config/variety/Downloaded/wallhaven_abstract/wallhaven-0jw2xq.png'
INFO: 2021-07-18 09:10:13,602: list_files() 'More than 1 files in the folders, stop listing'
INFO: 2021-07-18 09:10:13,602: prepare_thread() 'Prepared buffer contains 48 images'
INFO: 2021-07-18 09:10:13,603: regular_change_thread() 'regular_change: waiting till user resumes'
INFO: 2021-07-18 09:10:13,702: do_set_wp() 'Calling do_set_wp with /home/kim/.config/variety/Downloaded/wallhaven_abstract/wallhaven-0jw2xq.png, time: 1626592213.7028868'
INFO: 2021-07-18 09:10:13,726: update_indicator() 'Setting file info to: /home/kim/.config/variety/Downloaded/wallhaven_abstract/wallhaven-0jw2xq.png'
INFO: 2021-07-18 09:10:13,729: list_files() 'More than 1 files in the folders, stop listing'
INFO: 2021-07-18 09:10:15,603: trigger_download() 'Triggering download thread to check if download needed'
INFO: 2021-07-18 09:12:53,620: process_command() 'Received command: ['--preferences']'
INFO: 2021-07-18 09:12:53,623: reload() 'Reloading preferences dialog'
INFO: 2021-07-18 09:17:02,498: trigger_download() 'Triggering download thread to check if download needed'
INFO: 2021-07-18 09:17:02,598: apply() 'Applying preferences'
INFO: 2021-07-18 09:17:02,606: set_visible() 'Showing status icon'
INFO: 2021-07-18 09:17:02,606: set_from_theme_icon() 'Showing status icon variety-indicator from GTK theme'
INFO: 2021-07-18 09:17:02,606: log_options() 'Loaded options:'
INFO: 2021-07-18 09:17:02,607: log_options() 'change_enabled = False'
INFO: 2021-07-18 09:17:02,607: log_options() 'change_interval = 300'
INFO: 2021-07-18 09:17:02,607: log_options() 'change_on_start = False'
INFO: 2021-07-18 09:17:02,607: log_options() 'clipboard_enabled = False'
INFO: 2021-07-18 09:17:02,607: log_options() 'clipboard_hosts = ['wallhaven.cc', 'wallpapers.net', 'flickr.com', 'imgur.com', 'deviantart.com', 'interfacelift.com', 'vladstudio.com', 'imageshack.us', 'deviantart.net', 'imageshack.com']'
INFO: 2021-07-18 09:17:02,607: log_options() 'clipboard_use_whitelist = True'
INFO: 2021-07-18 09:17:02,607: log_options() 'clock_date_font = Ubuntu Condensed, 30'
INFO: 2021-07-18 09:17:02,607: log_options() 'clock_enabled = False'
INFO: 2021-07-18 09:17:02,607: log_options() 'clock_filter = -density 100 -font `fc-match -f '%{file[0]}' '%CLOCK_FONT_NAME'` -pointsize %CLOCK_FONT_SIZE -gravity SouthEast -fill '#00000044' -annotate 0x0+[%HOFFSET+58]+[%VOFFSET+108] '%H:%M' -fill white -annotate 0x0+[%HOFFSET+60]+[%VOFFSET+110] '%H:%M' -font `fc-match -f '%{file[0]}' '%DATE_FONT_NAME'` -pointsize %DATE_FONT_SIZE -fill '#00000044' -annotate 0x0+[%HOFFSET+58]+[%VOFFSET+58] '%A, %B %d' -fill white -annotate 0x0+[%HOFFSET+60]+[%VOFFSET+60] '%A, %B %d''
INFO: 2021-07-18 09:17:02,607: log_options() 'clock_font = Ubuntu Condensed, 70'
INFO: 2021-07-18 09:17:02,607: log_options() 'configfile = /home/kim/.config/variety/variety.conf'
INFO: 2021-07-18 09:17:02,607: log_options() 'copyto_enabled = True'
INFO: 2021-07-18 09:17:02,607: log_options() 'copyto_folder = Default'
INFO: 2021-07-18 09:17:02,607: log_options() 'desired_color = [160, 160, 160]'
INFO: 2021-07-18 09:17:02,607: log_options() 'desired_color_enabled = False'
INFO: 2021-07-18 09:17:02,607: log_options() 'download_folder = /home/kim/.config/variety/Downloaded'
INFO: 2021-07-18 09:17:02,607: log_options() 'download_preference_ratio = 0.9'
INFO: 2021-07-18 09:17:02,607: log_options() 'favorites_folder = /home/kim/.config/variety/Favorites'
INFO: 2021-07-18 09:17:02,607: log_options() 'favorites_operations = [['/', 'Both']]'
INFO: 2021-07-18 09:17:02,607: log_options() 'fetched_folder = /home/kim/.config/variety/Fetched'
INFO: 2021-07-18 09:17:02,607: log_options() 'filters = [[False, 'Keep original', ''], [False, 'Grayscale', '-type Grayscale'], [False, 'Heavy blur', '-blur 120x40'], [False, 'Soft blur', '-blur 20x7'], [False, 'Oil painting', '-paint 8'], [False, 'Pointilism', '-spread 10 -noise 3'], [False, 'Pixellate', '-scale 3% -scale 3333%']]'
INFO: 2021-07-18 09:17:02,608: log_options() 'icon = Light'
INFO: 2021-07-18 09:17:02,608: log_options() 'lightness_enabled = False'
INFO: 2021-07-18 09:17:02,608: log_options() 'lightness_mode = 0'
INFO: 2021-07-18 09:17:02,608: log_options() 'min_rating = 4'
INFO: 2021-07-18 09:17:02,608: log_options() 'min_rating_enabled = False'
INFO: 2021-07-18 09:17:02,608: log_options() 'min_size = 80'
INFO: 2021-07-18 09:17:02,608: log_options() 'min_size_enabled = False'
INFO: 2021-07-18 09:17:02,608: log_options() 'quota_enabled = True'
INFO: 2021-07-18 09:17:02,608: log_options() 'quota_size = 1000'
INFO: 2021-07-18 09:17:02,608: log_options() 'quotes_authors = '
INFO: 2021-07-18 09:17:02,608: log_options() 'quotes_bg_color = [80, 80, 80]'
INFO: 2021-07-18 09:17:02,608: log_options() 'quotes_bg_opacity = 55'
INFO: 2021-07-18 09:17:02,608: log_options() 'quotes_change_enabled = False'
INFO: 2021-07-18 09:17:02,608: log_options() 'quotes_change_interval = 300'
INFO: 2021-07-18 09:17:02,608: log_options() 'quotes_disabled_sources = ['Urban Dictionary']'
INFO: 2021-07-18 09:17:02,608: log_options() 'quotes_enabled = False'
INFO: 2021-07-18 09:17:02,608: log_options() 'quotes_favorites_file = /home/kim/.config/variety/favorite_quotes.txt'
INFO: 2021-07-18 09:17:02,608: log_options() 'quotes_font = Bitstream Charter 30'
INFO: 2021-07-18 09:17:02,608: log_options() 'quotes_hpos = 100'
INFO: 2021-07-18 09:17:02,608: log_options() 'quotes_max_length = 250'
INFO: 2021-07-18 09:17:02,608: log_options() 'quotes_tags = '
INFO: 2021-07-18 09:17:02,608: log_options() 'quotes_text_color = [255, 255, 255]'
INFO: 2021-07-18 09:17:02,608: log_options() 'quotes_text_shadow = False'
INFO: 2021-07-18 09:17:02,608: log_options() 'quotes_vpos = 40'
INFO: 2021-07-18 09:17:02,608: log_options() 'quotes_width = 70'
INFO: 2021-07-18 09:17:02,608: log_options() 'safe_mode = False'
INFO: 2021-07-18 09:17:02,608: log_options() 'slideshow_custom_enabled = False'
INFO: 2021-07-18 09:17:02,608: log_options() 'slideshow_custom_folder = /home/kim/Dokumenter/Billeder'
INFO: 2021-07-18 09:17:02,609: log_options() 'slideshow_downloads_enabled = False'
INFO: 2021-07-18 09:17:02,609: log_options() 'slideshow_fade = 0.4'
INFO: 2021-07-18 09:17:02,609: log_options() 'slideshow_favorites_enabled = True'
INFO: 2021-07-18 09:17:02,609: log_options() 'slideshow_mode = Fullscreen'
INFO: 2021-07-18 09:17:02,609: log_options() 'slideshow_monitor = All'
INFO: 2021-07-18 09:17:02,609: log_options() 'slideshow_pan = 0.05'
INFO: 2021-07-18 09:17:02,609: log_options() 'slideshow_seconds = 6.0'
INFO: 2021-07-18 09:17:02,609: log_options() 'slideshow_sort_order = Random'
INFO: 2021-07-18 09:17:02,609: log_options() 'slideshow_sources_enabled = True'
INFO: 2021-07-18 09:17:02,609: log_options() 'slideshow_zoom = 0.2'
INFO: 2021-07-18 09:17:02,609: log_options() 'smart_enabled = False'
INFO: 2021-07-18 09:17:02,609: log_options() 'smart_notice_shown = False'
INFO: 2021-07-18 09:17:02,609: log_options() 'smart_register_shown = False'
INFO: 2021-07-18 09:17:02,609: log_options() 'sources = [[False, 'favorites', 'The Favorites folder'], [False, 'fetched', 'The Fetched folder'], [False, 'folder', '/usr/share/backgrounds'], [False, 'flickr', 'user:www.flickr.com/photos/peter-levi/;user_id:93647178@N00;'], [False, 'apod', "NASA's Astronomy Picture of the Day"], [False, 'bing', 'Bing Photo of the Day'], [False, 'earthview', 'Google Earth View Wallpapers'], [False, 'unsplash', 'High-resolution photos from Unsplash.com'], [True, 'wallhaven', 'abstract']]'
INFO: 2021-07-18 09:17:02,609: log_options() 'stats_enabled = True'
INFO: 2021-07-18 09:17:02,609: log_options() 'stats_notice_shown = False'
INFO: 2021-07-18 09:17:02,609: log_options() 'sync_enabled = True'
INFO: 2021-07-18 09:17:02,609: log_options() 'use_landscape_enabled = True'
INFO: 2021-07-18 09:17:02,609: reload_config() 'No need to clear prepared queue'
INFO: 2021-07-18 09:17:02,609: update_indicator() 'Setting file info to: /home/kim/.config/variety/Downloaded/wallhaven_abstract/wallhaven-0jw2xq.png'
INFO: 2021-07-18 09:17:02,611: list_files() 'More than 1 files in the folders, stop listing'
INFO: 2021-07-18 09:17:02,611: regular_change_thread() 'regular_change: waiting till user resumes'
INFO: 2021-07-18 09:17:02,612: prepare_thread() 'Prepared buffer contains 48 images'
INFO: 2021-07-18 09:17:02,711: do_set_wp() 'Calling do_set_wp with /home/kim/.config/variety/Downloaded/wallhaven_abstract/wallhaven-0jw2xq.png, time: 1626592622.7118747'
INFO: 2021-07-18 09:17:02,735: update_indicator() 'Setting file info to: /home/kim/.config/variety/Downloaded/wallhaven_abstract/wallhaven-0jw2xq.png'
INFO: 2021-07-18 09:17:02,738: list_files() 'More than 1 files in the folders, stop listing'
INFO: 2021-07-18 09:17:04,612: trigger_download() 'Triggering download thread to check if download needed'
INFO: 2021-07-18 09:17:09,411: on_quit() 'Quitting'
